<?xml version="1.0" encoding="UTF-8" ?>
<testsuite errors="0" failures="0" hostname="ubuntudell1" name="HelloWorldTest" tests="1" time="0.06" timestamp="2013-10-14T05:35:20">
  <properties>
    <property name="java.vendor" value="Oracle Corporation" />
    <property name="coverage.summaryxml.dir" value="reports/cobertura-summary-xml" />
    <property name="sun.java.launcher" value="SUN_STANDARD" />
    <property name="sun.management.compiler" value="HotSpot 64-Bit Tiered Compilers" />
    <property name="os.name" value="Linux" />
    <property name="sun.boot.class.path" value="/usr/lib/jvm/java-7-openjdk-amd64/jre/lib/resources.jar:/usr/lib/jvm/java-7-openjdk-amd64/jre/lib/rt.jar:/usr/lib/jvm/java-7-openjdk-amd64/jre/lib/sunrsasign.jar:/usr/lib/jvm/java-7-openjdk-amd64/jre/lib/jsse.jar:/usr/lib/jvm/java-7-openjdk-amd64/jre/lib/jce.jar:/usr/lib/jvm/java-7-openjdk-amd64/jre/lib/charsets.jar:/usr/lib/jvm/java-7-openjdk-amd64/jre/lib/netx.jar:/usr/lib/jvm/java-7-openjdk-amd64/jre/lib/plugin.jar:/usr/lib/jvm/java-7-openjdk-amd64/jre/lib/rhino.jar:/usr/lib/jvm/java-7-openjdk-amd64/jre/lib/jfr.jar:/usr/lib/jvm/java-7-openjdk-amd64/jre/classes" />
    <property name="reports.html.dir" value="reports/junit-html" />
    <property name="sun.desktop" value="gnome" />
    <property name="java.vm.specification.vendor" value="Oracle Corporation" />
    <property name="ant.home" value="/usr/share/ant" />
    <property name="java.runtime.version" value="1.7.0_25-b30" />
    <property name="cobertura.dir" value="cobertura-2.0.3" />
    <property name="user.name" value="vinod_doshi" />
    <property name="ant.file.type.AntExample1" value="file" />
    <property name="user.language" value="en" />
    <property name="sun.boot.library.path" value="/usr/lib/jvm/java-7-openjdk-amd64/jre/lib/amd64" />
    <property name="reports.dir" value="reports" />
    <property name="ant.project.default-target" value="runTest" />
    <property name="ant.project.name" value="AntExample1" />
    <property name="java.version" value="1.7.0_25" />
    <property name="coverage.html.dir" value="reports/cobertura-html" />
    <property name="user.timezone" value="" />
    <property name="sun.arch.data.model" value="64" />
    <property name="java.endorsed.dirs" value="/usr/lib/jvm/java-7-openjdk-amd64/jre/lib/endorsed" />
    <property name="sun.cpu.isalist" value="" />
    <property name="sun.jnu.encoding" value="UTF-8" />
    <property name="file.encoding.pkg" value="sun.io" />
    <property name="file.separator" value="/" />
    <property name="java.specification.name" value="Java Platform API Specification" />
    <property name="classes.dir" value="build/classes" />
    <property name="java.class.version" value="51.0" />
    <property name="user.country" value="IN" />
    <property name="java.home" value="/usr/lib/jvm/java-7-openjdk-amd64/jre" />
    <property name="java.vm.info" value="mixed mode" />
    <property name="ant.file" value="/home/vinod_doshi/workspace/JunitTesting/build.xml" />
    <property name="os.version" value="3.2.0-32-generic" />
    <property name="path.separator" value=":" />
    <property name="java.vm.version" value="23.7-b01" />
    <property name="ant.library.dir" value="/usr/share/ant/lib" />
    <property name="junit.output.dir" value="junit" />
    <property name="java.awt.printerjob" value="sun.print.PSPrinterJob" />
    <property name="sun.io.unicode.encoding" value="UnicodeLittle" />
    <property name="awt.toolkit" value="sun.awt.X11.XToolkit" />
    <property name="reports.xml.dir" value="reports/junit-xml" />
    <property name="user.home" value="/home/vinod_doshi" />
    <property name="java.specification.vendor" value="Oracle Corporation" />
    <property name="coverage.xml.dir" value="reports/cobertura-xml" />
    <property name="java.library.path" value="/usr/java/packages/lib/amd64:/usr/lib/jni:/lib:/usr/lib" />
    <property name="java.vendor.url" value="http://java.oracle.com/" />
    <property name="java.vm.vendor" value="Oracle Corporation" />
    <property name="java.runtime.name" value="OpenJDK Runtime Environment" />
    <property name="sun.java.command" value="org.apache.tools.ant.taskdefs.optional.junit.JUnitTestRunner HelloWorldTest filtertrace=true haltOnError=false haltOnFailure=true formatter=org.apache.tools.ant.taskdefs.optional.junit.SummaryJUnitResultFormatter showoutput=false outputtoformatters=true logfailedtests=true logtestlistenerevents=false formatter=org.apache.tools.ant.taskdefs.optional.junit.XMLJUnitResultFormatter,/home/vinod_doshi/workspace/JunitTesting/reports/junit-xml/TEST-HelloWorldTest.xml crashfile=/home/vinod_doshi/workspace/JunitTesting/junitvmwatcher4927267221795903372.properties propsfile=/home/vinod_doshi/workspace/JunitTesting/junit8722636334226110819.properties" />
    <property name="java.class.path" value="/home/vinod_doshi/workspace/JunitTesting/instrumented:/home/vinod_doshi/workspace/JunitTesting/build/classes:/home/vinod_doshi/Projects/junit_jars/junit-4.11.jar:/home/vinod_doshi/Projects/junit_jars/hamcrest-core-1.3.jar:/home/vinod_doshi/workspace/JunitTesting/cobertura-2.0.3/cobertura-2.0.3-javadoc.jar:/home/vinod_doshi/workspace/JunitTesting/cobertura-2.0.3/cobertura-2.0.3-sources.jar:/home/vinod_doshi/workspace/JunitTesting/cobertura-2.0.3/cobertura-2.0.3.jar:/home/vinod_doshi/workspace/JunitTesting/cobertura-2.0.3/lib/asm-4.1.jar:/home/vinod_doshi/workspace/JunitTesting/cobertura-2.0.3/lib/asm-analysis-4.1.jar:/home/vinod_doshi/workspace/JunitTesting/cobertura-2.0.3/lib/asm-commons-4.1.jar:/home/vinod_doshi/workspace/JunitTesting/cobertura-2.0.3/lib/asm-tree-4.1.jar:/home/vinod_doshi/workspace/JunitTesting/cobertura-2.0.3/lib/asm-util-4.1.jar:/home/vinod_doshi/workspace/JunitTesting/cobertura-2.0.3/lib/dom4j-1.6.1.jar:/home/vinod_doshi/workspace/JunitTesting/cobertura-2.0.3/lib/icu4j-2.6.1.jar:/home/vinod_doshi/workspace/JunitTesting/cobertura-2.0.3/lib/jaxen-1.1-beta-8.jar:/home/vinod_doshi/workspace/JunitTesting/cobertura-2.0.3/lib/jdom-1.0.jar:/home/vinod_doshi/workspace/JunitTesting/cobertura-2.0.3/lib/jetty-6.1.14.jar:/home/vinod_doshi/workspace/JunitTesting/cobertura-2.0.3/lib/jetty-util-6.1.14.jar:/home/vinod_doshi/workspace/JunitTesting/cobertura-2.0.3/lib/log4j-1.2.9.jar:/home/vinod_doshi/workspace/JunitTesting/cobertura-2.0.3/lib/oro-2.0.8.jar:/home/vinod_doshi/workspace/JunitTesting/cobertura-2.0.3/lib/servlet-api-2.5-6.1.14.jar:/home/vinod_doshi/workspace/JunitTesting/cobertura-2.0.3/lib/tagsoup-0.9.7.jar:/home/vinod_doshi/workspace/JunitTesting/cobertura-2.0.3/lib/xmlParserAPIs-2.6.2.jar:/home/vinod_doshi/workspace/JunitTesting/cobertura-2.0.3/lib/xom-1.0b3.jar:/usr/share/ant/lib/junit.jar:/usr/share/java/ant-launcher-1.8.2.jar:/usr/share/ant/lib/ant.jar:/usr/share/ant/lib/ant-junit.jar:/usr/share/ant/lib/ant-junit4.jar" />
    <property name="ant.version" value="Apache Ant(TM) version 1.8.2 compiled on December 3 2011" />
    <property name="java.vm.specification.name" value="Java Virtual Machine Specification" />
    <property name="ant.file.type" value="file" />
    <property name="java.vm.specification.version" value="1.7" />
    <property name="sun.cpu.endian" value="little" />
    <property name="sun.os.patch.level" value="unknown" />
    <property name="java.io.tmpdir" value="/tmp" />
    <property name="java.vendor.url.bug" value="http://bugreport.sun.com/bugreport/" />
    <property name="os.arch" value="amd64" />
    <property name="java.awt.graphicsenv" value="sun.awt.X11GraphicsEnvironment" />
    <property name="instrumented.dir" value="instrumented" />
    <property name="java.ext.dirs" value="/usr/lib/jvm/java-7-openjdk-amd64/jre/lib/ext:/usr/java/packages/lib/ext" />
    <property name="user.dir" value="/home/vinod_doshi/workspace/JunitTesting" />
    <property name="line.separator" value="&#xa;" />
    <property name="java.vm.name" value="OpenJDK 64-Bit Server VM" />
    <property name="basedir" value="/home/vinod_doshi/workspace/JunitTesting" />
    <property name="ant.java.version" value="1.7" />
    <property name="ant.core.lib" value="/usr/share/ant/lib/ant.jar" />
    <property name="file.encoding" value="UTF-8" />
    <property name="source.dir" value="/home/vinod_doshi/workspace/TestNgTesting/src" />
    <property name="java.specification.version" value="1.7" />
    <property name="src.dir" value="src" />
    <property name="ant.file.AntExample1" value="/home/vinod_doshi/workspace/JunitTesting/build.xml" />
    <property name="ant.project.invoked-targets" value="coverage-report" />
  </properties>
  <testcase classname="HelloWorldTest" name="thisIsATestMethod" time="0.001" />
  <system-out><![CDATA[]]></system-out>
  <system-err><![CDATA[]]></system-err>
</testsuite>
